#
# A fatal error has been detected by the Java Runtime Environment:
#
#  SIGSEGV (0xb) at pc=0x00007ff52b15c401, pid=2553, tid=2647
#
# JRE version: OpenJDK Runtime Environment (11.0.8+10) (build 11.0.8+10-post-Ubuntu-0ubuntu118.04.1)
# Java VM: OpenJDK 64-Bit Server VM (11.0.8+10-post-Ubuntu-0ubuntu118.04.1, mixed mode, sharing, tiered, compressed oops, serial gc, linux-amd64)
# Problematic frame:
# C  [libjimage.so+0x2401]
#
# Core dump will be written. Default location: Core dumps may be processed with "/usr/share/apport/apport %p %s %c %d %P %E" (or dumping to /home/runner/a9-final-project-tomad6909/core.2553)
#
# If you would like to submit a bug report, please visit:
#   https://bugs.launchpad.net/ubuntu/+source/openjdk-lts
#

---------------  S U M M A R Y ------------

Command Line: Main

Host: Intel(R) Xeon(R) CPU @ 2.30GHz, 4 cores, 512M, Ubuntu 18.04.5 LTS
Time: Fri Nov 13 22:05:44 2020 UTC elapsed time: 949 seconds (0d 0h 15m 49s)

---------------  T H R E A D  ---------------

Current thread (0x00007ff4b8001800):  JavaThread "XToolkt-Shutdown-Thread" [_thread_in_vm, id=2647, stack(0x00007ff4db282000,0x00007ff4db383000)]

Stack: [0x00007ff4db282000,0x00007ff4db383000],  sp=0x00007ff4db380060,  free space=1016k
Native frames: (J=compiled Java code, A=aot compiled Java code, j=interpreted, Vv=VM code, C=native code)
C  [libjimage.so+0x2401]
C  [libjimage.so+0x30ea]
C  [libjimage.so+0x35c6]  JIMAGE_FindResource+0xd6
V  [libjvm.so+0x59097e]
V  [libjvm.so+0x5936e0]
V  [libjvm.so+0xd50b85]
V  [libjvm.so+0xd4e51a]
V  [libjvm.so+0xd51112]
V  [libjvm.so+0x647127]
V  [libjvm.so+0xa3c57a]
V  [libjvm.so+0x844136]
V  [libjvm.so+0x84502d]
j  sun.awt.X11.XToolkit.lambda$init$0()V+0 java.desktop@11.0.8
j  sun.awt.X11.XToolkit$$Lambda$9.run()V+4 java.desktop@11.0.8
j  java.lang.Thread.run()V+11 java.base@11.0.8
v  ~StubRoutines::call_stub
V  [libjvm.so+0x84eb09]
V  [libjvm.so+0x84cc4d]
V  [libjvm.so+0x8f6c9c]
V  [libjvm.so+0xd8996f]
V  [libjvm.so+0xd860bf]
V  [libjvm.so+0xbd632e]

Java frames: (J=compiled Java code, j=interpreted, Vv=VM code)
j  sun.awt.X11.XToolkit.lambda$init$0()V+0 java.desktop@11.0.8
j  sun.awt.X11.XToolkit$$Lambda$9.run()V+4 java.desktop@11.0.8
j  java.lang.Thread.run()V+11 java.base@11.0.8
v  ~StubRoutines::call_stub

siginfo: si_signo: 11 (SIGSEGV), si_code: 1 (SEGV_MAPERR), si_addr: 0x00007ff51b904ca8

Register to memory mapping:

RAX=0x0000000000000b23 is an unknown value
RBX=0x00007ff4db380111 is pointing into the stack for thread: 0x00007ff4b8001800
RCX=0x00007ff51b90201c is an unknown value
RDX=0x0000000000000b23 is an unknown value
RSP=0x00007ff4db380060 is pointing into the stack for thread: 0x00007ff4b8001800
RBP=0x00007ff4db380080 is pointing into the stack for thread: 0x00007ff4b8001800
RSI=0x00007ff4db380110 is pointing into the stack for thread: 0x00007ff4b8001800
RDI=0x00007ff52b35f030: <offset 0x0000000000205030> in /usr/lib/jvm/java-11-openjdk-amd64/lib/libjimage.so at 0x00007ff52b15a000
R8 =0x0 is NULL
R9 =0x00000000ca0d71f0 is an unknown value
R10=0x00007ff4db380134 is pointing into the stack for thread: 0x00007ff4b8001800
R11=0x00007ff52d19507d: <offset 0x0000000000eb307d> in /usr/lib/jvm/java-11-openjdk-amd64/lib/server/libjvm.so at 0x00007ff52c2e2000
R12=0x00007ff4db380110 is pointing into the stack for thread: 0x00007ff4b8001800
R13=0x00000000000083bc is an unknown value
R14=0x00007ff4db3811a8 is pointing into the stack for thread: 0x00007ff4b8001800
R15=0x00007ff4fc12f460 points into unknown readable memory: 73 75 6e 2f 61 77 74 2f


Registers:
RAX=0x0000000000000b23, RBX=0x00007ff4db380111, RCX=0x00007ff51b90201c, RDX=0x0000000000000b23
RSP=0x00007ff4db380060, RBP=0x00007ff4db380080, RSI=0x00007ff4db380110, RDI=0x00007ff52b35f030
R8 =0x0000000000000000, R9 =0x00000000ca0d71f0, R10=0x00007ff4db380134, R11=0x00007ff52d19507d
R12=0x00007ff4db380110, R13=0x00000000000083bc, R14=0x00007ff4db3811a8, R15=0x00007ff4fc12f460
RIP=0x00007ff52b15c401, EFLAGS=0x0000000000010246, CSGSFS=0x002b000000000033, ERR=0x0000000000000004
  TRAPNO=0x000000000000000e

Top of Stack: (sp=0x00007ff4db380060)
0x00007ff4db380060:   0000000000000000 00007ff524009600
0x00007ff4db380070:   0000000000000000 00007ff4db380110
0x00007ff4db380080:   00007ff4db3800f0 00007ff52b15d0ea
0x00007ff4db380090:   0000000000000000 0000000000000000 

Instructions: (pc=0x00007ff52b15c401)
0x00007ff52b15c301:   c5 4c 01 e3 48 89 ce e8 d3 f3 ff ff e9 69 fd ff
0x00007ff52b15c311:   ff 89 d1 0f b7 74 08 fe 66 41 89 74 0e fe e9 7a
0x00007ff52b15c321:   fe ff ff 0f 1f 40 00 8b 08 49 8d 1c 16 41 89 0e
0x00007ff52b15c331:   89 d1 8b 74 08 fc 41 89 74 0e fc 48 8d 34 10 48
0x00007ff52b15c341:   89 75 b8 e9 0b fe ff ff 0f 1f 80 00 00 00 00 0f
0x00007ff52b15c351:   b6 17 55 89 f0 48 89 e5 84 d2 74 22 48 8d 4f 01
0x00007ff52b15c361:   0f 1f 80 00 00 00 00 48 83 c1 01 0f b6 f2 0f b6
0x00007ff52b15c371:   51 ff 69 c0 93 01 00 01 31 f0 84 d2 75 e9 25 ff
0x00007ff52b15c381:   ff ff 7f 5d c3 66 2e 0f 1f 84 00 00 00 00 00 48
0x00007ff52b15c391:   85 d2 0f 84 dd 00 00 00 85 c9 0f 84 d5 00 00 00
0x00007ff52b15c3a1:   55 48 89 e5 41 55 41 54 53 48 8d 5e 01 48 83 ec
0x00007ff52b15c3b1:   08 44 0f b6 06 45 84 c0 0f 84 a9 00 00 00 49 89
0x00007ff52b15c3c1:   da b8 93 01 00 01 66 0f 1f 84 00 00 00 00 00 49
0x00007ff52b15c3d1:   83 c2 01 44 69 c8 93 01 00 01 41 0f b6 c0 45 0f
0x00007ff52b15c3e1:   b6 42 ff 44 31 c8 45 84 c0 75 e4 25 ff ff ff 7f
0x00007ff52b15c3f1:   41 89 cd 48 89 d1 31 d2 41 f7 f5 49 89 f4 89 d0
0x00007ff52b15c401:   8b 34 81 48 8b 07 ff 50 20 83 f8 00 7e 41 41 0f
0x00007ff52b15c411:   b6 14 24 84 d2 74 1c 0f 1f 84 00 00 00 00 00 69
0x00007ff52b15c421:   c0 93 01 00 01 48 83 c3 01 31 d0 0f b6 53 ff 84
0x00007ff52b15c431:   d2 75 ec 25 ff ff ff 7f 31 d2 41 f7 f5 48 83 c4
0x00007ff52b15c441:   08 89 d0 5b 41 5c 41 5d 5d c3 0f 1f 44 00 00 74
0x00007ff52b15c451:   1d f7 d0 48 83 c4 08 89 c2 5b 89 d0 41 5c 41 5d
0x00007ff52b15c461:   5d c3 0f 1f 44 00 00 b8 93 01 00 01 eb 82 ba ff
0x00007ff52b15c471:   ff ff ff eb c8 83 ca ff 89 d0 c3 0f 1f 40 00 0f
0x00007ff52b15c481:   b6 17 55 48 89 f8 48 89 e5 84 d2 75 15 eb 1a 38
0x00007ff52b15c491:   ca 75 1c 48 83 c0 01 0f b6 10 48 83 c6 01 84 d2
0x00007ff52b15c4a1:   74 07 0f b6 0e 84 c9 75 e6 5d c3 0f 1f 40 00 31
0x00007ff52b15c4b1:   c0 5d c3 66 90 66 2e 0f 1f 84 00 00 00 00 00 55
0x00007ff52b15c4c1:   48 85 f6 48 89 e5 74 57 0f 1f 80 00 00 00 00 0f
0x00007ff52b15c4d1:   b6 06 84 c0 74 49 0f b6 d0 83 e0 07 c1 fa 03 44
0x00007ff52b15c4e1:   8d 50 01 0f b6 c0 41 89 d1 48 8d 56 01 4c 8d 44
0x00007ff52b15c4f1:   06 02 31 c0 0f 1f 00 0f b6 0a 48 c1 e0 08 48 83 


Stack slot to memory mapping:
stack at sp + 0 slots: 0x0 is NULL
stack at sp + 1 slots: 0x00007ff524009600 points into unknown readable memory: 50 58 00 c8 f4 7f 00 00
stack at sp + 2 slots: 0x0 is NULL
stack at sp + 3 slots: 0x00007ff4db380110 is pointing into the stack for thread: 0x00007ff4b8001800
stack at sp + 4 slots: 0x00007ff4db3800f0 is pointing into the stack for thread: 0x00007ff4b8001800
stack at sp + 5 slots: 0x00007ff52b15d0ea: <offset 0x00000000000030ea> in /usr/lib/jvm/java-11-openjdk-amd64/lib/libjimage.so at 0x00007ff52b15a000
stack at sp + 6 slots: 0x0 is NULL
stack at sp + 7 slots: 0x0 is NULL


---------------  P R O C E S S  ---------------

Threads class SMR info:
_java_thread_list=0x00007ff4b8002b80, length=16, elements={
0x00007ff524051000, 0x00007ff524053000, 0x00007ff524059000, 0x00007ff52405b800,
0x00007ff52405d800, 0x00007ff52405f800, 0x00007ff52409a000, 0x00007ff5240a3000,
0x00007ff5241b9800, 0x00007ff5241cf800, 0x00007ff5241e5000, 0x00007ff5241e7000,
0x00007ff524016000, 0x00007ff4f8001000, 0x00007ff4f8002800, 0x00007ff4b8001800
}

Java Threads: ( => current thread )
  0x00007ff524051000 JavaThread "Reference Handler" daemon [_thread_blocked, id=2556, stack(0x00007ff529a5b000,0x00007ff529b5c000)]
  0x00007ff524053000 JavaThread "Finalizer" daemon [_thread_blocked, id=2557, stack(0x00007ff52995a000,0x00007ff529a5b000)]
  0x00007ff524059000 JavaThread "Signal Dispatcher" daemon [_thread_blocked, id=2558, stack(0x00007ff5296be000,0x00007ff5297bf000)]
  0x00007ff52405b800 JavaThread "C2 CompilerThread0" daemon [_thread_blocked, id=2559, stack(0x00007ff5295bd000,0x00007ff5296be000)]
  0x00007ff52405d800 JavaThread "C1 CompilerThread0" daemon [_thread_blocked, id=2560, stack(0x00007ff5294bc000,0x00007ff5295bd000)]
  0x00007ff52405f800 JavaThread "Sweeper thread" daemon [_thread_blocked, id=2561, stack(0x00007ff5293bb000,0x00007ff5294bc000)]
  0x00007ff52409a000 JavaThread "Service Thread" daemon [_thread_blocked, id=2562, stack(0x00007ff5292ba000,0x00007ff5293bb000)]
  0x00007ff5240a3000 JavaThread "Common-Cleaner" daemon [_thread_blocked, id=2564, stack(0x00007ff5290b7000,0x00007ff5291b8000)]
  0x00007ff5241b9800 JavaThread "Java2D Disposer" daemon [_thread_blocked, id=2615, stack(0x00007ff5280f8000,0x00007ff5281f9000)]
  0x00007ff5241cf800 JavaThread "AWT-XAWT" daemon [_thread_in_native, id=2616, stack(0x00007ff4e402a000,0x00007ff4e412b000)]
  0x00007ff5241e5000 JavaThread "AWT-Shutdown" [_thread_blocked, id=2617, stack(0x00007ff4dbcf9000,0x00007ff4dbdfa000)]
  0x00007ff5241e7000 JavaThread "AWT-EventQueue-0" [_thread_blocked, id=2618, stack(0x00007ff4dbbf8000,0x00007ff4dbcf9000)]
  0x00007ff524016000 JavaThread "DestroyJavaVM" [_thread_blocked, id=2554, stack(0x00007ff52e44f000,0x00007ff52e550000)]
  0x00007ff4f8001000 JavaThread "SIGHUP handler" daemon [_thread_blocked, id=2645, stack(0x00007ff4dbaf7000,0x00007ff4dbbf8000)]
  0x00007ff4f8002800 JavaThread "SIGTERM handler" daemon [_thread_blocked, id=2646, stack(0x00007ff4db583000,0x00007ff4db684000)]
=>0x00007ff4b8001800 JavaThread "XToolkt-Shutdown-Thread" [_thread_in_vm, id=2647, stack(0x00007ff4db282000,0x00007ff4db383000)]

Other Threads:
  0x00007ff52404e000 VMThread "VM Thread" [stack: 0x00007ff529b5e000,0x00007ff529c5e000] [id=2555]
  0x00007ff52409c800 WatcherThread [stack: 0x00007ff5291ba000,0x00007ff5292ba000] [id=2563]

Threads with active compile tasks:

VM state:not at safepoint (normal execution)

VM Mutex/Monitor currently owned by a thread: None

Heap address: 0x00000000f8000000, size: 128 MB, Compressed Oops mode: 32-bit
Narrow klass base: 0x0000000800000000, Narrow klass shift: 3
Compressed class space size: 1073741824 Address: 0x0000000840000000

Heap:
 def new generation   total 2432K, used 852K [0x00000000f8000000, 0x00000000f82a0000, 0x00000000faaa0000)
  eden space 2176K,  29% used [0x00000000f8000000, 0x00000000f809ecb0, 0x00000000f8220000)
  from space 256K,  84% used [0x00000000f8260000, 0x00000000f8296590, 0x00000000f82a0000)
  to   space 256K,   0% used [0x00000000f8220000, 0x00000000f8220000, 0x00000000f8260000)
 tenured generation   total 5504K, used 3241K [0x00000000faaa0000, 0x00000000fb000000, 0x0000000100000000)
   the space 5504K,  58% used [0x00000000faaa0000, 0x00000000fadca790, 0x00000000fadca800, 0x00000000fb000000)
 Metaspace       used 9696K, capacity 10127K, committed 10496K, reserved 1058816K
  class space    used 1041K, capacity 1263K, committed 1280K, reserved 1048576K

Card table byte_map: [0x00007ff52e40e000,0x00007ff52e44f000] _byte_map_base: 0x00007ff52dc4e000

Polling page: 0x00007ff52e56c000

Metaspace:

Usage:
  Non-class:      8.66 MB capacity,     8.45 MB ( 98%) used,   156.47 KB (  2%) free+waste,    52.62 KB ( <1%) overhead. 
      Class:      1.23 MB